<?xml version="1.0" encoding="UTF-8"?>
<testsuite xmlns:xsi="http://www.w3.org/2001/XMLSchema-instance" xsi:noNamespaceSchemaLocation="https://maven.apache.org/surefire/maven-surefire-plugin/xsd/surefire-test-report.xsd" name="unit.CalculoDeVendasUnitTest" time="0.044" tests="5" errors="0" skipped="0" failures="0">
  <properties>
[...]
</properties>
  <testcase name="DeveRetornar117ParaCompraAPrazoNormalDe100Em3x" classname="unit.CalculoDeVendasUnitTest" time="0.027"/>
  <testcase name="DeveRetornar198ParaCompraAVistaNormalDe200" classname="unit.CalculoDeVendasUnitTest" time="0.001"/>
  <testcase name="DeveRetornar125ParaCompraAVistaExpressaDe100" classname="unit.CalculoDeVendasUnitTest" time="0.002"/>
  <testcase name="DeveRetornar110ParaCompraAVistaNormalDe100" classname="unit.CalculoDeVendasUnitTest" time="0.001"/>
  <testcase name="DeveRetornar280ParaCompraAVistaNormalDe300" classname="unit.CalculoDeVendasUnitTest" time="0.001"/>
</testsuite>